[2023-09-25T10:58:32.666-0300] {processor.py:157} INFO - Started process (PID=4933) to work on /home/mkm/programing/Brain_Wave_Data_Pipeline/env/lib/python3.11/site-packages/airflow/example_dags/example_datasets.py
[2023-09-25T10:58:32.667-0300] {processor.py:826} INFO - Processing file /home/mkm/programing/Brain_Wave_Data_Pipeline/env/lib/python3.11/site-packages/airflow/example_dags/example_datasets.py for tasks to queue
[2023-09-25T10:58:32.668-0300] {logging_mixin.py:150} INFO - [2023-09-25T10:58:32.668-0300] {dagbag.py:541} INFO - Filling up the DagBag from /home/mkm/programing/Brain_Wave_Data_Pipeline/env/lib/python3.11/site-packages/airflow/example_dags/example_datasets.py
[2023-09-25T10:58:32.684-0300] {processor.py:836} INFO - DAG(s) dict_keys(['dataset_consumes_1', 'dataset_consumes_1_never_scheduled', 'dataset_produces_2', 'dataset_consumes_1_and_2', 'dataset_consumes_unknown_never_scheduled', 'dataset_produces_1']) retrieved from /home/mkm/programing/Brain_Wave_Data_Pipeline/env/lib/python3.11/site-packages/airflow/example_dags/example_datasets.py
[2023-09-25T10:58:32.862-0300] {logging_mixin.py:150} INFO - [2023-09-25T10:58:32.861-0300] {manager.py:504} INFO - Created Permission View: can edit on DAG:dataset_consumes_1
[2023-09-25T10:58:32.891-0300] {logging_mixin.py:150} INFO - [2023-09-25T10:58:32.891-0300] {manager.py:504} INFO - Created Permission View: can read on DAG:dataset_consumes_1
[2023-09-25T10:58:32.917-0300] {logging_mixin.py:150} INFO - [2023-09-25T10:58:32.917-0300] {manager.py:504} INFO - Created Permission View: can delete on DAG:dataset_consumes_1
[2023-09-25T10:58:32.982-0300] {logging_mixin.py:150} INFO - [2023-09-25T10:58:32.981-0300] {manager.py:504} INFO - Created Permission View: can edit on DAG:dataset_consumes_1_never_scheduled
[2023-09-25T10:58:33.004-0300] {logging_mixin.py:150} INFO - [2023-09-25T10:58:33.004-0300] {manager.py:504} INFO - Created Permission View: can read on DAG:dataset_consumes_1_never_scheduled
[2023-09-25T10:58:33.026-0300] {logging_mixin.py:150} INFO - [2023-09-25T10:58:33.026-0300] {manager.py:504} INFO - Created Permission View: can delete on DAG:dataset_consumes_1_never_scheduled
[2023-09-25T10:58:33.074-0300] {logging_mixin.py:150} INFO - [2023-09-25T10:58:33.074-0300] {manager.py:504} INFO - Created Permission View: can edit on DAG:dataset_produces_2
[2023-09-25T10:58:33.097-0300] {logging_mixin.py:150} INFO - [2023-09-25T10:58:33.096-0300] {manager.py:504} INFO - Created Permission View: can read on DAG:dataset_produces_2
[2023-09-25T10:58:33.120-0300] {logging_mixin.py:150} INFO - [2023-09-25T10:58:33.119-0300] {manager.py:504} INFO - Created Permission View: can delete on DAG:dataset_produces_2
[2023-09-25T10:58:33.167-0300] {logging_mixin.py:150} INFO - [2023-09-25T10:58:33.167-0300] {manager.py:504} INFO - Created Permission View: can edit on DAG:dataset_consumes_1_and_2
[2023-09-25T10:58:33.189-0300] {logging_mixin.py:150} INFO - [2023-09-25T10:58:33.188-0300] {manager.py:504} INFO - Created Permission View: can read on DAG:dataset_consumes_1_and_2
[2023-09-25T10:58:33.214-0300] {logging_mixin.py:150} INFO - [2023-09-25T10:58:33.213-0300] {manager.py:504} INFO - Created Permission View: can delete on DAG:dataset_consumes_1_and_2
[2023-09-25T10:58:33.267-0300] {logging_mixin.py:150} INFO - [2023-09-25T10:58:33.267-0300] {manager.py:504} INFO - Created Permission View: can edit on DAG:dataset_consumes_unknown_never_scheduled
[2023-09-25T10:58:33.291-0300] {logging_mixin.py:150} INFO - [2023-09-25T10:58:33.291-0300] {manager.py:504} INFO - Created Permission View: can read on DAG:dataset_consumes_unknown_never_scheduled
[2023-09-25T10:58:33.318-0300] {logging_mixin.py:150} INFO - [2023-09-25T10:58:33.318-0300] {manager.py:504} INFO - Created Permission View: can delete on DAG:dataset_consumes_unknown_never_scheduled
[2023-09-25T10:58:33.379-0300] {logging_mixin.py:150} INFO - [2023-09-25T10:58:33.379-0300] {manager.py:504} INFO - Created Permission View: can edit on DAG:dataset_produces_1
[2023-09-25T10:58:33.402-0300] {logging_mixin.py:150} INFO - [2023-09-25T10:58:33.402-0300] {manager.py:504} INFO - Created Permission View: can read on DAG:dataset_produces_1
[2023-09-25T10:58:33.425-0300] {logging_mixin.py:150} INFO - [2023-09-25T10:58:33.424-0300] {manager.py:504} INFO - Created Permission View: can delete on DAG:dataset_produces_1
[2023-09-25T10:58:33.431-0300] {logging_mixin.py:150} INFO - [2023-09-25T10:58:33.431-0300] {dag.py:2742} INFO - Sync 6 DAGs
[2023-09-25T10:58:33.445-0300] {logging_mixin.py:150} INFO - [2023-09-25T10:58:33.444-0300] {dag.py:2763} INFO - Creating ORM DAG for dataset_produces_1
[2023-09-25T10:58:33.446-0300] {logging_mixin.py:150} INFO - [2023-09-25T10:58:33.446-0300] {dag.py:2763} INFO - Creating ORM DAG for dataset_produces_2
[2023-09-25T10:58:33.447-0300] {logging_mixin.py:150} INFO - [2023-09-25T10:58:33.446-0300] {dag.py:2763} INFO - Creating ORM DAG for dataset_consumes_1_and_2
[2023-09-25T10:58:33.447-0300] {logging_mixin.py:150} INFO - [2023-09-25T10:58:33.447-0300] {dag.py:2763} INFO - Creating ORM DAG for dataset_consumes_1
[2023-09-25T10:58:33.448-0300] {logging_mixin.py:150} INFO - [2023-09-25T10:58:33.448-0300] {dag.py:2763} INFO - Creating ORM DAG for dataset_consumes_1_never_scheduled
[2023-09-25T10:58:33.449-0300] {logging_mixin.py:150} INFO - [2023-09-25T10:58:33.448-0300] {dag.py:2763} INFO - Creating ORM DAG for dataset_consumes_unknown_never_scheduled
[2023-09-25T10:58:33.461-0300] {logging_mixin.py:150} INFO - [2023-09-25T10:58:33.460-0300] {dag.py:3504} INFO - Setting next_dagrun for dataset_consumes_1 to None, run_after=None
[2023-09-25T10:58:33.461-0300] {logging_mixin.py:150} INFO - [2023-09-25T10:58:33.461-0300] {dag.py:3504} INFO - Setting next_dagrun for dataset_consumes_1_and_2 to None, run_after=None
[2023-09-25T10:58:33.462-0300] {logging_mixin.py:150} INFO - [2023-09-25T10:58:33.462-0300] {dag.py:3504} INFO - Setting next_dagrun for dataset_consumes_1_never_scheduled to None, run_after=None
[2023-09-25T10:58:33.463-0300] {logging_mixin.py:150} INFO - [2023-09-25T10:58:33.463-0300] {dag.py:3504} INFO - Setting next_dagrun for dataset_consumes_unknown_never_scheduled to None, run_after=None
[2023-09-25T10:58:33.466-0300] {logging_mixin.py:150} INFO - [2023-09-25T10:58:33.466-0300] {dag.py:3504} INFO - Setting next_dagrun for dataset_produces_1 to 2023-09-24T00:00:00+00:00, run_after=2023-09-25T00:00:00+00:00
[2023-09-25T10:58:33.467-0300] {logging_mixin.py:150} INFO - [2023-09-25T10:58:33.467-0300] {dag.py:3504} INFO - Setting next_dagrun for dataset_produces_2 to None, run_after=None
[2023-09-25T10:58:33.520-0300] {processor.py:179} INFO - Processing /home/mkm/programing/Brain_Wave_Data_Pipeline/env/lib/python3.11/site-packages/airflow/example_dags/example_datasets.py took 0.860 seconds
