[2023-09-25T10:58:46.938-0300] {processor.py:157} INFO - Started process (PID=4944) to work on /home/mkm/programing/Brain_Wave_Data_Pipeline/env/lib/python3.11/site-packages/airflow/example_dags/example_branch_datetime_operator.py
[2023-09-25T10:58:46.939-0300] {processor.py:826} INFO - Processing file /home/mkm/programing/Brain_Wave_Data_Pipeline/env/lib/python3.11/site-packages/airflow/example_dags/example_branch_datetime_operator.py for tasks to queue
[2023-09-25T10:58:46.940-0300] {logging_mixin.py:150} INFO - [2023-09-25T10:58:46.940-0300] {dagbag.py:541} INFO - Filling up the DagBag from /home/mkm/programing/Brain_Wave_Data_Pipeline/env/lib/python3.11/site-packages/airflow/example_dags/example_branch_datetime_operator.py
[2023-09-25T10:58:46.956-0300] {processor.py:836} INFO - DAG(s) dict_keys(['example_branch_datetime_operator_3', 'example_branch_datetime_operator', 'example_branch_datetime_operator_2']) retrieved from /home/mkm/programing/Brain_Wave_Data_Pipeline/env/lib/python3.11/site-packages/airflow/example_dags/example_branch_datetime_operator.py
[2023-09-25T10:58:47.119-0300] {logging_mixin.py:150} INFO - [2023-09-25T10:58:47.118-0300] {manager.py:504} INFO - Created Permission View: can edit on DAG:example_branch_datetime_operator_3
[2023-09-25T10:58:47.152-0300] {logging_mixin.py:150} INFO - [2023-09-25T10:58:47.152-0300] {manager.py:504} INFO - Created Permission View: can read on DAG:example_branch_datetime_operator_3
[2023-09-25T10:58:47.177-0300] {logging_mixin.py:150} INFO - [2023-09-25T10:58:47.177-0300] {manager.py:504} INFO - Created Permission View: can delete on DAG:example_branch_datetime_operator_3
[2023-09-25T10:58:47.243-0300] {logging_mixin.py:150} INFO - [2023-09-25T10:58:47.242-0300] {manager.py:504} INFO - Created Permission View: can edit on DAG:example_branch_datetime_operator
[2023-09-25T10:58:47.266-0300] {logging_mixin.py:150} INFO - [2023-09-25T10:58:47.265-0300] {manager.py:504} INFO - Created Permission View: can read on DAG:example_branch_datetime_operator
[2023-09-25T10:58:47.293-0300] {logging_mixin.py:150} INFO - [2023-09-25T10:58:47.293-0300] {manager.py:504} INFO - Created Permission View: can delete on DAG:example_branch_datetime_operator
[2023-09-25T10:58:47.341-0300] {logging_mixin.py:150} INFO - [2023-09-25T10:58:47.341-0300] {manager.py:504} INFO - Created Permission View: can edit on DAG:example_branch_datetime_operator_2
[2023-09-25T10:58:47.363-0300] {logging_mixin.py:150} INFO - [2023-09-25T10:58:47.363-0300] {manager.py:504} INFO - Created Permission View: can read on DAG:example_branch_datetime_operator_2
[2023-09-25T10:58:47.384-0300] {logging_mixin.py:150} INFO - [2023-09-25T10:58:47.383-0300] {manager.py:504} INFO - Created Permission View: can delete on DAG:example_branch_datetime_operator_2
[2023-09-25T10:58:47.389-0300] {logging_mixin.py:150} INFO - [2023-09-25T10:58:47.389-0300] {dag.py:2742} INFO - Sync 3 DAGs
[2023-09-25T10:58:47.402-0300] {logging_mixin.py:150} INFO - [2023-09-25T10:58:47.402-0300] {dag.py:2763} INFO - Creating ORM DAG for example_branch_datetime_operator_2
[2023-09-25T10:58:47.403-0300] {logging_mixin.py:150} INFO - [2023-09-25T10:58:47.403-0300] {dag.py:2763} INFO - Creating ORM DAG for example_branch_datetime_operator
[2023-09-25T10:58:47.404-0300] {logging_mixin.py:150} INFO - [2023-09-25T10:58:47.403-0300] {dag.py:2763} INFO - Creating ORM DAG for example_branch_datetime_operator_3
[2023-09-25T10:58:47.418-0300] {logging_mixin.py:150} INFO - [2023-09-25T10:58:47.418-0300] {dag.py:3504} INFO - Setting next_dagrun for example_branch_datetime_operator to 2023-09-24T00:00:00+00:00, run_after=2023-09-25T00:00:00+00:00
[2023-09-25T10:58:47.421-0300] {logging_mixin.py:150} INFO - [2023-09-25T10:58:47.421-0300] {dag.py:3504} INFO - Setting next_dagrun for example_branch_datetime_operator_2 to 2023-09-24T00:00:00+00:00, run_after=2023-09-25T00:00:00+00:00
[2023-09-25T10:58:47.423-0300] {logging_mixin.py:150} INFO - [2023-09-25T10:58:47.423-0300] {dag.py:3504} INFO - Setting next_dagrun for example_branch_datetime_operator_3 to 2023-09-24T00:00:00+00:00, run_after=2023-09-25T00:00:00+00:00
[2023-09-25T10:58:47.461-0300] {processor.py:179} INFO - Processing /home/mkm/programing/Brain_Wave_Data_Pipeline/env/lib/python3.11/site-packages/airflow/example_dags/example_branch_datetime_operator.py took 0.528 seconds
